2017-02-20T05:19:42.636979: AsyncSslTcpClient::Connect
2017-02-20T05:19:42.821774: AsyncSslTcpClient::AsyncWrite, msgId=3101
2017-02-20T05:19:42.822802: AbstractAsyncTcpClient::AsyncWrite success, msgId=3101, bytes_transferred=149
2017-02-20T05:19:42.838435: AbstractAsyncTcpClient::ProcessReadHeader, HostType=80, MsgId=0, MsgType=6, msgSize=0
2017-02-20T05:19:42.885315: AbstractAsyncTcpClient::ProcessReadHeader, HostType=80, MsgId=3101, MsgType=3, msgSize=299
2017-02-20T05:19:42.885315: AbstractAsyncTcpClient::ProcessReadHeader, HostType=80, MsgId=3184, MsgType=0, msgSize=25
2017-02-20T05:19:42.885315: AbstractAsyncTcpClient::ProcessReadHeader, HostType=80, MsgId=3129, MsgType=0, msgSize=30
2017-02-20T05:19:42.885315: AsyncSslTcpClient::AsyncWrite, msgId=3187
2017-02-20T05:19:42.885315: AbstractAsyncTcpClient::AsyncWrite success, msgId=3187, bytes_transferred=64
2017-02-20T05:19:42.885315: AsyncSslTcpClient::AsyncWrite, msgId=3181
2017-02-20T05:19:42.885315: AbstractAsyncTcpClient::ProcessReadHeader, HostType=80, MsgId=3165, MsgType=0, msgSize=8
2017-02-20T05:19:42.885315: AbstractAsyncTcpClient::AsyncWrite success, msgId=3181, bytes_transferred=31
2017-02-20T05:19:42.885315: AsyncSslTcpClient::AsyncWrite, msgId=3164
2017-02-20T05:19:42.885315: AbstractAsyncTcpClient::AsyncWrite success, msgId=3164, bytes_transferred=21
2017-02-20T05:19:42.885315: AsyncSslTcpClient::AsyncWrite, msgId=3164
2017-02-20T05:19:42.885315: AbstractAsyncTcpClient::ProcessReadHeader, HostType=80, MsgId=3170, MsgType=0, msgSize=267
2017-02-20T05:19:42.885315: AbstractAsyncTcpClient::AsyncWrite success, msgId=3164, bytes_transferred=21
2017-02-20T05:19:42.885315: AsyncSslTcpClient::AsyncWrite, msgId=3164
2017-02-20T05:19:42.885315: AbstractAsyncTcpClient::AsyncWrite success, msgId=3164, bytes_transferred=21
2017-02-20T05:19:42.885315: AbstractAsyncTcpClient::ProcessReadHeader, HostType=80, MsgId=3170, MsgType=0, msgSize=267
2017-02-20T05:19:42.885315: AbstractAsyncTcpClient::ProcessReadHeader, HostType=80, MsgId=3170, MsgType=0, msgSize=267
2017-02-20T05:19:42.885315: AbstractAsyncTcpClient::ProcessReadHeader, HostType=80, MsgId=3170, MsgType=0, msgSize=267
2017-02-20T05:19:42.885315: AbstractAsyncTcpClient::ProcessReadHeader, HostType=80, MsgId=3170, MsgType=0, msgSize=267
2017-02-20T05:19:42.885315: AbstractAsyncTcpClient::ProcessReadHeader, HostType=80, MsgId=3170, MsgType=0, msgSize=267
2017-02-20T05:19:42.885315: AbstractAsyncTcpClient::ProcessReadHeader, HostType=80, MsgId=3170, MsgType=0, msgSize=267
2017-02-20T05:19:42.885315: AbstractAsyncTcpClient::ProcessReadHeader, HostType=80, MsgId=3170, MsgType=0, msgSize=267
2017-02-20T05:19:42.885315: AbstractAsyncTcpClient::ProcessReadHeader, HostType=80, MsgId=3170, MsgType=0, msgSize=267
2017-02-20T05:19:42.885315: AbstractAsyncTcpClient::ProcessReadHeader, HostType=80, MsgId=3170, MsgType=0, msgSize=267
2017-02-20T05:19:42.885315: AbstractAsyncTcpClient::ProcessReadHeader, HostType=80, MsgId=3170, MsgType=0, msgSize=267
2017-02-20T05:19:42.916566: AbstractAsyncTcpClient::ProcessReadHeader, HostType=80, MsgId=3170, MsgType=0, msgSize=267
2017-02-20T05:19:42.916566: AbstractAsyncTcpClient::ProcessReadHeader, HostType=80, MsgId=3170, MsgType=0, msgSize=267
2017-02-20T05:19:42.916566: AbstractAsyncTcpClient::ProcessReadHeader, HostType=80, MsgId=3170, MsgType=0, msgSize=267
2017-02-20T05:19:42.916566: AbstractAsyncTcpClient::ProcessReadHeader, HostType=80, MsgId=3170, MsgType=0, msgSize=267
2017-02-20T05:19:42.916566: AbstractAsyncTcpClient::ProcessReadHeader, HostType=80, MsgId=3170, MsgType=0, msgSize=267
2017-02-20T05:19:42.916566: AbstractAsyncTcpClient::ProcessReadHeader, HostType=80, MsgId=3170, MsgType=0, msgSize=267
2017-02-20T05:19:42.916566: AbstractAsyncTcpClient::ProcessReadHeader, HostType=80, MsgId=3170, MsgType=0, msgSize=267
2017-02-20T05:19:42.916566: AbstractAsyncTcpClient::ProcessReadHeader, HostType=80, MsgId=3170, MsgType=0, msgSize=267
2017-02-20T05:19:42.916566: AbstractAsyncTcpClient::ProcessReadHeader, HostType=80, MsgId=3112, MsgType=0, msgSize=31
2017-02-20T05:19:42.916566: AbstractAsyncTcpClient::ProcessReadHeader, HostType=80, MsgId=3112, MsgType=0, msgSize=31
2017-02-20T05:19:42.916566: AbstractAsyncTcpClient::ProcessReadHeader, HostType=80, MsgId=3112, MsgType=0, msgSize=31
2017-02-20T05:19:42.916566: AbstractAsyncTcpClient::ProcessReadHeader, HostType=80, MsgId=3112, MsgType=0, msgSize=31
2017-02-20T05:19:42.916566: AbstractAsyncTcpClient::ProcessReadHeader, HostType=80, MsgId=3112, MsgType=0, msgSize=31
2017-02-20T05:19:42.916566: AbstractAsyncTcpClient::ProcessReadHeader, HostType=80, MsgId=3112, MsgType=0, msgSize=31
2017-02-20T05:19:42.916566: AbstractAsyncTcpClient::ProcessReadHeader, HostType=80, MsgId=3188, MsgType=0, msgSize=36
2017-02-20T05:19:42.916566: AbstractAsyncTcpClient::ProcessReadHeader, HostType=80, MsgId=3173, MsgType=0, msgSize=102
2017-02-20T05:19:42.916566: AbstractAsyncTcpClient::ProcessReadHeader, HostType=80, MsgId=3173, MsgType=0, msgSize=102
2017-02-20T05:19:42.916566: AbstractAsyncTcpClient::ProcessReadHeader, HostType=80, MsgId=3173, MsgType=0, msgSize=102
2017-02-20T05:19:42.916566: AbstractAsyncTcpClient::ProcessReadHeader, HostType=80, MsgId=3173, MsgType=0, msgSize=102
2017-02-20T05:19:42.916566: AbstractAsyncTcpClient::ProcessReadHeader, HostType=80, MsgId=3173, MsgType=0, msgSize=102
2017-02-20T05:19:42.916566: AbstractAsyncTcpClient::ProcessReadHeader, HostType=80, MsgId=3173, MsgType=0, msgSize=102
2017-02-20T05:19:42.916566: AbstractAsyncTcpClient::ProcessReadHeader, HostType=80, MsgId=3173, MsgType=0, msgSize=102
2017-02-20T05:19:42.916566: AbstractAsyncTcpClient::ProcessReadHeader, HostType=80, MsgId=3173, MsgType=0, msgSize=102
2017-02-20T05:19:42.916566: AbstractAsyncTcpClient::ProcessReadHeader, HostType=80, MsgId=3173, MsgType=0, msgSize=102
2017-02-20T05:19:42.916566: AbstractAsyncTcpClient::ProcessReadHeader, HostType=80, MsgId=3173, MsgType=0, msgSize=102
2017-02-20T05:19:42.916566: AbstractAsyncTcpClient::ProcessReadHeader, HostType=80, MsgId=3173, MsgType=0, msgSize=102
2017-02-20T05:19:42.916566: AbstractAsyncTcpClient::ProcessReadHeader, HostType=80, MsgId=3173, MsgType=0, msgSize=102
2017-02-20T05:19:42.916566: AbstractAsyncTcpClient::ProcessReadHeader, HostType=80, MsgId=3173, MsgType=0, msgSize=102
2017-02-20T05:19:42.916566: AbstractAsyncTcpClient::ProcessReadHeader, HostType=80, MsgId=3173, MsgType=0, msgSize=102
2017-02-20T05:19:42.916566: AbstractAsyncTcpClient::ProcessReadHeader, HostType=80, MsgId=3173, MsgType=0, msgSize=102
2017-02-20T05:19:42.916566: AbstractAsyncTcpClient::ProcessReadHeader, HostType=80, MsgId=3173, MsgType=0, msgSize=102
2017-02-20T05:19:42.916566: AbstractAsyncTcpClient::ProcessReadHeader, HostType=80, MsgId=3173, MsgType=0, msgSize=102
2017-02-20T05:19:42.916566: AbstractAsyncTcpClient::ProcessReadHeader, HostType=80, MsgId=3173, MsgType=0, msgSize=102
2017-02-20T05:19:42.916566: AbstractAsyncTcpClient::ProcessReadHeader, HostType=80, MsgId=3173, MsgType=0, msgSize=102
2017-02-20T05:19:42.916566: AbstractAsyncTcpClient::ProcessReadHeader, HostType=80, MsgId=3173, MsgType=0, msgSize=102
2017-02-20T05:19:42.916566: AbstractAsyncTcpClient::ProcessReadHeader, HostType=80, MsgId=3173, MsgType=0, msgSize=102
2017-02-20T05:19:42.916566: AbstractAsyncTcpClient::ProcessReadHeader, HostType=80, MsgId=3173, MsgType=0, msgSize=102
2017-02-20T05:19:42.916566: AbstractAsyncTcpClient::ProcessReadHeader, HostType=80, MsgId=3173, MsgType=0, msgSize=102
2017-02-20T05:19:42.916566: AbstractAsyncTcpClient::ProcessReadHeader, HostType=80, MsgId=3173, MsgType=0, msgSize=102
2017-02-20T05:19:42.916566: AbstractAsyncTcpClient::ProcessReadHeader, HostType=80, MsgId=3173, MsgType=0, msgSize=102
2017-02-20T05:19:42.916566: AbstractAsyncTcpClient::ProcessReadHeader, HostType=80, MsgId=3173, MsgType=0, msgSize=102
2017-02-20T05:19:42.916566: AbstractAsyncTcpClient::ProcessReadHeader, HostType=80, MsgId=3173, MsgType=0, msgSize=102
2017-02-20T05:19:42.916566: AbstractAsyncTcpClient::ProcessReadHeader, HostType=80, MsgId=3173, MsgType=0, msgSize=102
2017-02-20T05:19:42.916566: AbstractAsyncTcpClient::ProcessReadHeader, HostType=80, MsgId=3173, MsgType=0, msgSize=102
2017-02-20T05:19:42.916566: AbstractAsyncTcpClient::ProcessReadHeader, HostType=80, MsgId=3173, MsgType=0, msgSize=102
2017-02-20T05:19:42.916566: AbstractAsyncTcpClient::ProcessReadHeader, HostType=80, MsgId=3173, MsgType=0, msgSize=102
2017-02-20T05:19:42.932189: AbstractAsyncTcpClient::ProcessReadHeader, HostType=80, MsgId=3173, MsgType=0, msgSize=102
2017-02-20T05:19:42.932189: AbstractAsyncTcpClient::ProcessReadHeader, HostType=80, MsgId=3173, MsgType=0, msgSize=102
2017-02-20T05:19:42.932189: AbstractAsyncTcpClient::ProcessReadHeader, HostType=80, MsgId=3173, MsgType=0, msgSize=102
2017-02-20T05:19:42.932189: AbstractAsyncTcpClient::ProcessReadHeader, HostType=80, MsgId=3173, MsgType=0, msgSize=102
2017-02-20T05:19:42.932189: AbstractAsyncTcpClient::ProcessReadHeader, HostType=80, MsgId=3173, MsgType=0, msgSize=102
2017-02-20T05:19:42.932189: AbstractAsyncTcpClient::ProcessReadHeader, HostType=80, MsgId=3173, MsgType=0, msgSize=102
2017-02-20T05:19:42.932189: AbstractAsyncTcpClient::ProcessReadHeader, HostType=80, MsgId=3173, MsgType=0, msgSize=102
2017-02-20T05:19:42.932189: AbstractAsyncTcpClient::ProcessReadHeader, HostType=80, MsgId=3173, MsgType=0, msgSize=102
2017-02-20T05:19:42.932189: AbstractAsyncTcpClient::ProcessReadHeader, HostType=80, MsgId=3173, MsgType=0, msgSize=102
2017-02-20T05:19:42.932189: AbstractAsyncTcpClient::ProcessReadHeader, HostType=80, MsgId=3173, MsgType=0, msgSize=102
2017-02-20T05:19:42.932189: AbstractAsyncTcpClient::ProcessReadHeader, HostType=80, MsgId=3173, MsgType=0, msgSize=102
2017-02-20T05:19:42.932189: AbstractAsyncTcpClient::ProcessReadHeader, HostType=80, MsgId=3173, MsgType=0, msgSize=102
2017-02-20T05:19:42.932189: AbstractAsyncTcpClient::ProcessReadHeader, HostType=80, MsgId=3173, MsgType=0, msgSize=102
2017-02-20T05:19:42.932189: AbstractAsyncTcpClient::ProcessReadHeader, HostType=80, MsgId=3173, MsgType=0, msgSize=102
2017-02-20T05:19:42.932189: AbstractAsyncTcpClient::ProcessReadHeader, HostType=80, MsgId=3173, MsgType=0, msgSize=102
2017-02-20T05:19:42.932189: AbstractAsyncTcpClient::ProcessReadHeader, HostType=80, MsgId=3173, MsgType=0, msgSize=102
2017-02-20T05:19:42.932189: AbstractAsyncTcpClient::ProcessReadHeader, HostType=80, MsgId=3173, MsgType=0, msgSize=102
2017-02-20T05:19:42.932189: AbstractAsyncTcpClient::ProcessReadHeader, HostType=80, MsgId=3173, MsgType=0, msgSize=102
2017-02-20T05:19:42.932189: AbstractAsyncTcpClient::ProcessReadHeader, HostType=80, MsgId=3173, MsgType=0, msgSize=102
2017-02-20T05:19:42.932189: AbstractAsyncTcpClient::ProcessReadHeader, HostType=80, MsgId=3173, MsgType=0, msgSize=102
2017-02-20T05:19:42.932189: AbstractAsyncTcpClient::ProcessReadHeader, HostType=80, MsgId=3173, MsgType=0, msgSize=102
2017-02-20T05:19:42.932189: AbstractAsyncTcpClient::ProcessReadHeader, HostType=80, MsgId=3173, MsgType=0, msgSize=102
2017-02-20T05:19:42.932189: AbstractAsyncTcpClient::ProcessReadHeader, HostType=80, MsgId=3173, MsgType=0, msgSize=102
2017-02-20T05:19:42.932189: AbstractAsyncTcpClient::ProcessReadHeader, HostType=80, MsgId=3173, MsgType=0, msgSize=102
2017-02-20T05:19:42.932189: AbstractAsyncTcpClient::ProcessReadHeader, HostType=80, MsgId=3173, MsgType=0, msgSize=102
2017-02-20T05:19:42.932189: AbstractAsyncTcpClient::ProcessReadHeader, HostType=80, MsgId=3173, MsgType=0, msgSize=102
2017-02-20T05:19:42.932189: AbstractAsyncTcpClient::ProcessReadHeader, HostType=80, MsgId=3173, MsgType=0, msgSize=102
2017-02-20T05:19:42.932189: AbstractAsyncTcpClient::ProcessReadHeader, HostType=80, MsgId=3173, MsgType=0, msgSize=102
2017-02-20T05:19:42.932189: AbstractAsyncTcpClient::ProcessReadHeader, HostType=80, MsgId=3173, MsgType=0, msgSize=102
2017-02-20T05:19:42.932189: AbstractAsyncTcpClient::ProcessReadHeader, HostType=80, MsgId=3173, MsgType=0, msgSize=102
2017-02-20T05:19:42.932189: AbstractAsyncTcpClient::ProcessReadHeader, HostType=80, MsgId=3173, MsgType=0, msgSize=102
2017-02-20T05:19:42.932189: AbstractAsyncTcpClient::ProcessReadHeader, HostType=80, MsgId=3173, MsgType=0, msgSize=102
2017-02-20T05:19:42.932189: AbstractAsyncTcpClient::ProcessReadHeader, HostType=80, MsgId=3173, MsgType=0, msgSize=102
2017-02-20T05:19:42.932189: AbstractAsyncTcpClient::ProcessReadHeader, HostType=80, MsgId=3173, MsgType=0, msgSize=102
2017-02-20T05:19:42.932189: AbstractAsyncTcpClient::ProcessReadHeader, HostType=80, MsgId=3173, MsgType=0, msgSize=102
2017-02-20T05:19:42.932189: AbstractAsyncTcpClient::ProcessReadHeader, HostType=80, MsgId=3173, MsgType=0, msgSize=102
2017-02-20T05:19:42.932189: AbstractAsyncTcpClient::ProcessReadHeader, HostType=80, MsgId=3173, MsgType=0, msgSize=102
2017-02-20T05:19:42.932189: AbstractAsyncTcpClient::ProcessReadHeader, HostType=80, MsgId=3173, MsgType=0, msgSize=102
2017-02-20T05:19:42.932189: AbstractAsyncTcpClient::ProcessReadHeader, HostType=80, MsgId=3173, MsgType=0, msgSize=102
2017-02-20T05:19:42.932189: AbstractAsyncTcpClient::ProcessReadHeader, HostType=80, MsgId=3173, MsgType=0, msgSize=102
2017-02-20T05:19:42.932189: AbstractAsyncTcpClient::ProcessReadHeader, HostType=80, MsgId=3173, MsgType=0, msgSize=102
2017-02-20T05:19:42.932189: AbstractAsyncTcpClient::ProcessReadHeader, HostType=80, MsgId=3173, MsgType=0, msgSize=102
2017-02-20T05:19:42.932189: AbstractAsyncTcpClient::ProcessReadHeader, HostType=80, MsgId=3173, MsgType=0, msgSize=102
2017-02-20T05:19:42.932189: AbstractAsyncTcpClient::ProcessReadHeader, HostType=80, MsgId=3173, MsgType=0, msgSize=102
2017-02-20T05:19:42.932189: AbstractAsyncTcpClient::ProcessReadHeader, HostType=80, MsgId=3173, MsgType=0, msgSize=102
2017-02-20T05:19:42.932189: AbstractAsyncTcpClient::ProcessReadHeader, HostType=80, MsgId=3173, MsgType=0, msgSize=102
2017-02-20T05:19:42.932189: AbstractAsyncTcpClient::ProcessReadHeader, HostType=80, MsgId=3173, MsgType=0, msgSize=102
2017-02-20T05:19:42.947813: AbstractAsyncTcpClient::ProcessReadHeader, HostType=80, MsgId=3173, MsgType=0, msgSize=102
2017-02-20T05:19:42.947813: AbstractAsyncTcpClient::ProcessReadHeader, HostType=80, MsgId=3173, MsgType=0, msgSize=102
2017-02-20T05:19:42.947813: AbstractAsyncTcpClient::ProcessReadHeader, HostType=80, MsgId=3173, MsgType=0, msgSize=102
2017-02-20T05:19:42.947813: AbstractAsyncTcpClient::ProcessReadHeader, HostType=80, MsgId=3173, MsgType=0, msgSize=102
2017-02-20T05:19:42.947813: AbstractAsyncTcpClient::ProcessReadHeader, HostType=80, MsgId=3173, MsgType=0, msgSize=102
2017-02-20T05:19:42.947813: AbstractAsyncTcpClient::ProcessReadHeader, HostType=80, MsgId=3173, MsgType=0, msgSize=102
2017-02-20T05:19:42.947813: AbstractAsyncTcpClient::ProcessReadHeader, HostType=80, MsgId=3173, MsgType=0, msgSize=102
2017-02-20T05:19:42.947813: AbstractAsyncTcpClient::ProcessReadHeader, HostType=80, MsgId=3173, MsgType=0, msgSize=102
2017-02-20T05:19:42.947813: AbstractAsyncTcpClient::ProcessReadHeader, HostType=80, MsgId=3173, MsgType=0, msgSize=102
2017-02-20T05:19:42.947813: AbstractAsyncTcpClient::ProcessReadHeader, HostType=80, MsgId=3173, MsgType=0, msgSize=102
2017-02-20T05:19:42.947813: AbstractAsyncTcpClient::ProcessReadHeader, HostType=80, MsgId=3173, MsgType=0, msgSize=102
2017-02-20T05:19:42.947813: AbstractAsyncTcpClient::ProcessReadHeader, HostType=80, MsgId=3173, MsgType=0, msgSize=102
2017-02-20T05:19:42.947813: AbstractAsyncTcpClient::ProcessReadHeader, HostType=80, MsgId=3173, MsgType=0, msgSize=102
2017-02-20T05:19:42.947813: AbstractAsyncTcpClient::ProcessReadHeader, HostType=80, MsgId=3173, MsgType=0, msgSize=102
2017-02-20T05:19:42.947813: AbstractAsyncTcpClient::ProcessReadHeader, HostType=80, MsgId=3173, MsgType=0, msgSize=102
2017-02-20T05:19:42.947813: AbstractAsyncTcpClient::ProcessReadHeader, HostType=80, MsgId=3173, MsgType=0, msgSize=102
2017-02-20T05:19:42.947813: AbstractAsyncTcpClient::ProcessReadHeader, HostType=80, MsgId=3173, MsgType=0, msgSize=102
2017-02-20T05:19:42.947813: AbstractAsyncTcpClient::ProcessReadHeader, HostType=80, MsgId=3173, MsgType=0, msgSize=102
2017-02-20T05:19:42.947813: AbstractAsyncTcpClient::ProcessReadHeader, HostType=80, MsgId=3173, MsgType=0, msgSize=102
2017-02-20T05:19:42.947813: AbstractAsyncTcpClient::ProcessReadHeader, HostType=80, MsgId=3173, MsgType=0, msgSize=102
2017-02-20T05:19:42.947813: AbstractAsyncTcpClient::ProcessReadHeader, HostType=80, MsgId=3173, MsgType=0, msgSize=102
2017-02-20T05:19:42.947813: AbstractAsyncTcpClient::ProcessReadHeader, HostType=80, MsgId=3173, MsgType=0, msgSize=102
2017-02-20T05:19:42.947813: AbstractAsyncTcpClient::ProcessReadHeader, HostType=80, MsgId=3173, MsgType=0, msgSize=102
2017-02-20T05:19:42.947813: AbstractAsyncTcpClient::ProcessReadHeader, HostType=80, MsgId=3173, MsgType=0, msgSize=102
2017-02-20T05:19:42.947813: AbstractAsyncTcpClient::ProcessReadHeader, HostType=80, MsgId=3173, MsgType=0, msgSize=102
2017-02-20T05:19:42.947813: AbstractAsyncTcpClient::ProcessReadHeader, HostType=80, MsgId=3173, MsgType=0, msgSize=102
2017-02-20T05:19:42.947813: AbstractAsyncTcpClient::ProcessReadHeader, HostType=80, MsgId=3173, MsgType=0, msgSize=102
2017-02-20T05:19:42.947813: AbstractAsyncTcpClient::ProcessReadHeader, HostType=80, MsgId=3173, MsgType=0, msgSize=102
2017-02-20T05:19:42.947813: AbstractAsyncTcpClient::ProcessReadHeader, HostType=80, MsgId=3173, MsgType=0, msgSize=102
2017-02-20T05:19:42.947813: AbstractAsyncTcpClient::ProcessReadHeader, HostType=80, MsgId=3173, MsgType=0, msgSize=102
2017-02-20T05:19:42.947813: AbstractAsyncTcpClient::ProcessReadHeader, HostType=80, MsgId=3173, MsgType=0, msgSize=102
2017-02-20T05:19:42.947813: AbstractAsyncTcpClient::ProcessReadHeader, HostType=80, MsgId=3173, MsgType=0, msgSize=102
2017-02-20T05:19:42.947813: AbstractAsyncTcpClient::ProcessReadHeader, HostType=80, MsgId=3173, MsgType=0, msgSize=102
2017-02-20T05:19:42.947813: AbstractAsyncTcpClient::ProcessReadHeader, HostType=80, MsgId=3173, MsgType=0, msgSize=102
2017-02-20T05:19:42.947813: AbstractAsyncTcpClient::ProcessReadHeader, HostType=80, MsgId=3173, MsgType=0, msgSize=102
2017-02-20T05:19:42.947813: AbstractAsyncTcpClient::ProcessReadHeader, HostType=80, MsgId=3173, MsgType=0, msgSize=102
2017-02-20T05:19:42.947813: AbstractAsyncTcpClient::ProcessReadHeader, HostType=80, MsgId=3173, MsgType=0, msgSize=102
2017-02-20T05:19:42.947813: AbstractAsyncTcpClient::ProcessReadHeader, HostType=80, MsgId=3173, MsgType=0, msgSize=102
2017-02-20T05:19:42.947813: AbstractAsyncTcpClient::ProcessReadHeader, HostType=80, MsgId=3173, MsgType=0, msgSize=102
2017-02-20T05:19:42.947813: AbstractAsyncTcpClient::ProcessReadHeader, HostType=80, MsgId=3173, MsgType=0, msgSize=102
2017-02-20T05:19:42.947813: AbstractAsyncTcpClient::ProcessReadHeader, HostType=80, MsgId=3173, MsgType=0, msgSize=102
2017-02-20T05:19:42.963439: AbstractAsyncTcpClient::ProcessReadHeader, HostType=80, MsgId=3173, MsgType=0, msgSize=102
2017-02-20T05:19:42.963439: AbstractAsyncTcpClient::ProcessReadHeader, HostType=80, MsgId=3173, MsgType=0, msgSize=102
2017-02-20T05:19:42.963439: AbstractAsyncTcpClient::ProcessReadHeader, HostType=80, MsgId=3173, MsgType=0, msgSize=102
2017-02-20T05:19:42.963439: AbstractAsyncTcpClient::ProcessReadHeader, HostType=80, MsgId=3173, MsgType=0, msgSize=102
2017-02-20T05:19:42.963439: AbstractAsyncTcpClient::ProcessReadHeader, HostType=80, MsgId=3173, MsgType=0, msgSize=102
2017-02-20T05:19:42.963439: AbstractAsyncTcpClient::ProcessReadHeader, HostType=80, MsgId=3173, MsgType=0, msgSize=102
2017-02-20T05:19:42.963439: AbstractAsyncTcpClient::ProcessReadHeader, HostType=80, MsgId=3173, MsgType=0, msgSize=102
2017-02-20T05:19:42.963439: AbstractAsyncTcpClient::ProcessReadHeader, HostType=80, MsgId=3173, MsgType=0, msgSize=102
2017-02-20T05:19:42.963439: AbstractAsyncTcpClient::ProcessReadHeader, HostType=80, MsgId=3173, MsgType=0, msgSize=102
2017-02-20T05:19:42.963439: AbstractAsyncTcpClient::ProcessReadHeader, HostType=80, MsgId=3173, MsgType=0, msgSize=102
2017-02-20T05:19:42.963439: AbstractAsyncTcpClient::ProcessReadHeader, HostType=80, MsgId=3173, MsgType=0, msgSize=102
2017-02-20T05:19:42.963439: AbstractAsyncTcpClient::ProcessReadHeader, HostType=80, MsgId=3173, MsgType=0, msgSize=102
2017-02-20T05:19:42.963439: AbstractAsyncTcpClient::ProcessReadHeader, HostType=80, MsgId=3173, MsgType=0, msgSize=102
2017-02-20T05:19:42.963439: AbstractAsyncTcpClient::ProcessReadHeader, HostType=80, MsgId=3173, MsgType=0, msgSize=102
2017-02-20T05:19:42.963439: AbstractAsyncTcpClient::ProcessReadHeader, HostType=80, MsgId=3173, MsgType=0, msgSize=102
2017-02-20T05:19:42.963439: AbstractAsyncTcpClient::ProcessReadHeader, HostType=80, MsgId=3173, MsgType=0, msgSize=102
2017-02-20T05:19:42.963439: AbstractAsyncTcpClient::ProcessReadHeader, HostType=80, MsgId=3173, MsgType=0, msgSize=102
2017-02-20T05:19:42.963439: AbstractAsyncTcpClient::ProcessReadHeader, HostType=80, MsgId=3173, MsgType=0, msgSize=102
2017-02-20T05:19:42.963439: AbstractAsyncTcpClient::ProcessReadHeader, HostType=80, MsgId=3173, MsgType=0, msgSize=102
2017-02-20T05:19:42.963439: AbstractAsyncTcpClient::ProcessReadHeader, HostType=80, MsgId=3173, MsgType=0, msgSize=102
2017-02-20T05:19:42.963439: AbstractAsyncTcpClient::ProcessReadHeader, HostType=80, MsgId=3173, MsgType=0, msgSize=102
2017-02-20T05:19:42.963439: AbstractAsyncTcpClient::ProcessReadHeader, HostType=80, MsgId=3173, MsgType=0, msgSize=102
2017-02-20T05:19:42.963439: AbstractAsyncTcpClient::ProcessReadHeader, HostType=80, MsgId=3173, MsgType=0, msgSize=102
2017-02-20T05:19:42.963439: AbstractAsyncTcpClient::ProcessReadHeader, HostType=80, MsgId=3173, MsgType=0, msgSize=102
2017-02-20T05:19:42.963439: AbstractAsyncTcpClient::ProcessReadHeader, HostType=80, MsgId=3173, MsgType=0, msgSize=102
2017-02-20T05:19:42.963439: AbstractAsyncTcpClient::ProcessReadHeader, HostType=80, MsgId=3173, MsgType=0, msgSize=102
2017-02-20T05:19:42.963439: AbstractAsyncTcpClient::ProcessReadHeader, HostType=80, MsgId=3173, MsgType=0, msgSize=102
2017-02-20T05:19:42.963439: AbstractAsyncTcpClient::ProcessReadHeader, HostType=80, MsgId=3173, MsgType=0, msgSize=102
2017-02-20T05:19:42.963439: AbstractAsyncTcpClient::ProcessReadHeader, HostType=80, MsgId=3173, MsgType=0, msgSize=102
2017-02-20T05:19:42.963439: AbstractAsyncTcpClient::ProcessReadHeader, HostType=80, MsgId=3173, MsgType=0, msgSize=102
2017-02-20T05:19:42.963439: AbstractAsyncTcpClient::ProcessReadHeader, HostType=80, MsgId=3173, MsgType=0, msgSize=102
2017-02-20T05:19:42.963439: AbstractAsyncTcpClient::ProcessReadHeader, HostType=80, MsgId=3173, MsgType=0, msgSize=102
2017-02-20T05:19:42.963439: AbstractAsyncTcpClient::ProcessReadHeader, HostType=80, MsgId=3173, MsgType=0, msgSize=102
2017-02-20T05:19:42.963439: AbstractAsyncTcpClient::ProcessReadHeader, HostType=80, MsgId=3173, MsgType=0, msgSize=102
2017-02-20T05:19:42.963439: AbstractAsyncTcpClient::ProcessReadHeader, HostType=80, MsgId=3173, MsgType=0, msgSize=102
2017-02-20T05:19:42.963439: AbstractAsyncTcpClient::ProcessReadHeader, HostType=80, MsgId=3173, MsgType=0, msgSize=102
2017-02-20T05:19:42.963439: AbstractAsyncTcpClient::ProcessReadHeader, HostType=80, MsgId=3173, MsgType=0, msgSize=102
2017-02-20T05:19:42.963439: AbstractAsyncTcpClient::ProcessReadHeader, HostType=80, MsgId=3173, MsgType=0, msgSize=102
2017-02-20T05:19:42.963439: AbstractAsyncTcpClient::ProcessReadHeader, HostType=80, MsgId=3173, MsgType=0, msgSize=102
2017-02-20T05:19:42.963439: AbstractAsyncTcpClient::ProcessReadHeader, HostType=80, MsgId=3173, MsgType=0, msgSize=102
2017-02-20T05:19:42.963439: AbstractAsyncTcpClient::ProcessReadHeader, HostType=80, MsgId=3188, MsgType=0, msgSize=36
2017-02-20T05:19:42.963439: AbstractAsyncTcpClient::ProcessReadHeader, HostType=80, MsgId=3105, MsgType=0, msgSize=214
2017-02-20T05:19:42.963439: AbstractAsyncTcpClient::ProcessReadHeader, HostType=80, MsgId=3115, MsgType=0, msgSize=133
2017-02-20T05:19:42.963439: AbstractAsyncTcpClient::ProcessReadHeader, HostType=80, MsgId=3106, MsgType=0, msgSize=116
2017-02-20T05:19:42.963439: AbstractAsyncTcpClient::ProcessReadHeader, HostType=80, MsgId=3188, MsgType=0, msgSize=36
2017-02-20T05:19:42.963439: AbstractAsyncTcpClient::ProcessReadHeader, HostType=80, MsgId=3188, MsgType=0, msgSize=36
2017-02-20T05:19:42.963439: AbstractAsyncTcpClient::ProcessReadHeader, HostType=80, MsgId=3188, MsgType=0, msgSize=36
2017-02-20T05:19:42.963439: AbstractAsyncTcpClient::ProcessReadHeader, HostType=80, MsgId=3184, MsgType=0, msgSize=25
2017-02-20T05:19:42.963439: AbstractAsyncTcpClient::ProcessReadHeader, HostType=80, MsgId=3187, MsgType=3, msgSize=36
2017-02-20T05:19:42.963439: AbstractAsyncTcpClient::ProcessReadHeader, HostType=80, MsgId=3184, MsgType=0, msgSize=25
2017-02-20T05:19:42.963439: AbstractAsyncTcpClient::ProcessReadHeader, HostType=80, MsgId=3164, MsgType=3, msgSize=188
2017-02-20T05:19:42.963439: AbstractAsyncTcpClient::ProcessReadHeader, HostType=80, MsgId=3164, MsgType=3, msgSize=188
2017-02-20T05:19:42.963439: AbstractAsyncTcpClient::ProcessReadHeader, HostType=80, MsgId=3164, MsgType=3, msgSize=50
2017-02-20T05:19:42.963439: AsyncTcpClient::Connect
2017-02-20T05:19:42.963439: AsyncTcpClient::Connect
2017-02-20T05:19:42.979065: AbstractAsyncTcpClient::AsyncWrite success, msgId=4104, bytes_transferred=620
2017-02-20T05:19:42.994691: AbstractAsyncTcpClient::AsyncWrite success, msgId=4104, bytes_transferred=620
2017-02-20T05:19:43.010317: AbstractAsyncTcpClient::ProcessReadHeader, HostType=83, MsgId=0, MsgType=6, msgSize=0
2017-02-20T05:19:43.010317: AbstractAsyncTcpClient::ProcessReadHeader, HostType=88, MsgId=0, MsgType=6, msgSize=0
2017-02-20T05:19:43.088451: AbstractAsyncTcpClient::ProcessReadHeader, HostType=83, MsgId=4104, MsgType=3, msgSize=60
2017-02-20T05:19:43.088451: AbstractAsyncTcpClient::ProcessReadHeader, HostType=88, MsgId=4104, MsgType=3, msgSize=60
2017-02-20T05:19:43.463767: AbstractAsyncTcpClient::AsyncWrite success, msgId=4107, bytes_transferred=45
2017-02-20T05:19:43.479440: AbstractAsyncTcpClient::ProcessReadHeader, HostType=83, MsgId=4107, MsgType=3, msgSize=38
2017-02-20T05:20:12.701232: AbstractAsyncTcpClient::ProcessReadHeader, HostType=83, MsgId=1, MsgType=6, msgSize=0
2017-02-20T05:20:12.701232: AbstractAsyncTcpClient::ProcessReadHeader, HostType=88, MsgId=1, MsgType=6, msgSize=0
2017-02-20T05:20:12.763739: AbstractAsyncTcpClient::ProcessReadHeader, HostType=80, MsgId=1, MsgType=6, msgSize=0
2017-02-20T05:20:12.826243: AsyncSslTcpClient::AsyncWrite, msgId=1
2017-02-20T05:20:12.826243: AbstractAsyncTcpClient::AsyncWrite success, msgId=1, bytes_transferred=15
2017-02-20T05:20:12.982505: AbstractAsyncTcpClient::AsyncWrite success, msgId=1, bytes_transferred=15
2017-02-20T05:20:12.998130: AbstractAsyncTcpClient::AsyncWrite success, msgId=1, bytes_transferred=15
